生成启动时间为 2019/4/25 22:24:08。
     1>项目“D:\suncong\求利润\求利润\求利润.vcxproj”在节点 2 上(Build 个目标)。
     1>ClCompile:
         F:\Program Files (x86)\Microsoft Visual Studio 11.0\VC\bin\CL.exe /c /ZI /nologo /W3 /WX- /Od /Oy- /D WIN32 /D _DEBUG /D _CONSOLE /D _UNICODE /D UNICODE /Gm /EHsc /RTC1 /MDd /GS /fp:precise /Zc:wchar_t /Zc:forScope /Fo"Debug\\" /Fd"Debug\vc110.pdb" /Gd /TC /analyze- /errorReport:prompt "源.c"
         源.c
     1>d:\suncong\求利润\求利润\源.c(14): warning C4996: 'scanf': This function or variable may be unsafe. Consider using scanf_s instead. To disable deprecation, use _CRT_SECURE_NO_WARNINGS. See online help for details.
                 f:\program files (x86)\microsoft visual studio 11.0\vc\include\stdio.h(290) : 参见“scanf”的声明
     1>d:\suncong\求利润\求利润\源.c(15): warning C4244: “=”: 从“double”转换到“int”，可能丢失数据
     1>d:\suncong\求利润\求利润\源.c(16): warning C4244: “=”: 从“double”转换到“int”，可能丢失数据
     1>d:\suncong\求利润\求利润\源.c(17): warning C4244: “=”: 从“double”转换到“int”，可能丢失数据
     1>d:\suncong\求利润\求利润\源.c(18): warning C4244: “=”: 从“double”转换到“int”，可能丢失数据
     1>d:\suncong\求利润\求利润\源.c(19): warning C4244: “=”: 从“double”转换到“int”，可能丢失数据
     1>d:\suncong\求利润\求利润\源.c(23): warning C4244: “=”: 从“double”转换到“int”，可能丢失数据
     1>d:\suncong\求利润\求利润\源.c(25): warning C4244: “=”: 从“double”转换到“int”，可能丢失数据
     1>d:\suncong\求利润\求利润\源.c(27): warning C4244: “=”: 从“double”转换到“int”，可能丢失数据
     1>d:\suncong\求利润\求利润\源.c(29): warning C4244: “=”: 从“double”转换到“int”，可能丢失数据
     1>d:\suncong\求利润\求利润\源.c(31): warning C4244: “=”: 从“double”转换到“int”，可能丢失数据
     1>d:\suncong\求利润\求利润\源.c(33): warning C4244: “=”: 从“double”转换到“int”，可能丢失数据
       Link:
         F:\Program Files (x86)\Microsoft Visual Studio 11.0\VC\bin\link.exe /ERRORREPORT:PROMPT /OUT:"D:\suncong\求利润\Debug\求利润.exe" /INCREMENTAL /NOLOGO kernel32.lib user32.lib gdi32.lib winspool.lib comdlg32.lib advapi32.lib shell32.lib ole32.lib oleaut32.lib uuid.lib odbc32.lib odbccp32.lib /MANIFEST /MANIFESTUAC:"level='asInvoker' uiAccess='false'" /manifest:embed /DEBUG /PDB:"D:\suncong\求利润\Debug\求利润.pdb" /SUBSYSTEM:CONSOLE /TLBID:1 /DYNAMICBASE /NXCOMPAT /IMPLIB:"D:\suncong\求利润\Debug\求利润.lib" /MACHINE:X86 "Debug\源.obj"
         求利润.vcxproj -> D:\suncong\求利润\Debug\求利润.exe
     1>已完成生成项目“D:\suncong\求利润\求利润\求利润.vcxproj”(Build 个目标)的操作。

生成成功。

已用时间 00:00:01.29
